<?xml version="1.0" encoding="UTF-8"?>
<!-- Generated by org.testng.reporters.JUnitReportReporter -->
<testsuite hostname="Bankim" failures="0" tests="3" name="com.myrunner.MyRunner" time="12.875" errors="0" timestamp="14 Aug 2022 00:24:37 GMT" skipped="0">
  <testcase classname="com.myrunner.MyRunner" name="runScenario" time="3.528"/>
  <testcase classname="com.myrunner.MyRunner" name="runScenario" time="4.783"/>
  <testcase classname="com.myrunner.MyRunner" name="runScenario" time="4.564"/>
</testsuite> <!-- com.myrunner.MyRunner -->
